Build started 16.06.2013 18:07:53.
     1>Project "C:\Users\Bob\Desktop\fuckin\summerProject2013\summerProject2013\summerProject2013.vcxproj" on node 2 (build target(s)).
     1>InitializeBuildStatus:
         Creating "Release\summerProject2013.unsuccessfulbuild" because "AlwaysCreate" was specified.
       ClCompile:
         C:\Program Files (x86)\Microsoft Visual Studio 10.0\VC\bin\CL.exe /c /Zi /nologo /W3 /WX- /O2 /Oi /Oy- /GL /D _MBCS /Gm- /EHsc /MD /GS /Gy /fp:precise /Zc:wchar_t /Zc:forScope /Fo"Release\\" /Fd"Release\vc100.pdb" /Gd /TP /analyze- /errorReport:prompt main.cpp
         main.cpp
       Link:
         C:\Program Files (x86)\Microsoft Visual Studio 10.0\VC\bin\link.exe /ERRORREPORT:PROMPT /OUT:"C:\Users\Bob\Desktop\fuckin\summerProject2013\Release\summerProject2013.exe" /NOLOGO "sfml-window.lib" "sfml-graphics.lib" "sfml-audio.lib" "sfml-system.lib" "sfml-network-s-d.lib" kernel32.lib user32.lib gdi32.lib winspool.lib comdlg32.lib advapi32.lib shell32.lib ole32.lib oleaut32.lib uuid.lib odbc32.lib odbccp32.lib /MANIFEST /ManifestFile:"Release\summerProject2013.exe.intermediate.manifest" /MANIFESTUAC:"level='asInvoker' uiAccess='false'" /DEBUG /PDB:"C:\Users\Bob\Desktop\fuckin\summerProject2013\Release\summerProject2013.pdb" /OPT:REF /OPT:ICF /LTCG /TLBID:1 /DYNAMICBASE /NXCOMPAT /IMPLIB:"C:\Users\Bob\Desktop\fuckin\summerProject2013\Release\summerProject2013.lib" /MACHINE:X86 Release\main.obj
         Generating code
         Finished generating code
         summerProject2013.vcxproj -> C:\Users\Bob\Desktop\fuckin\summerProject2013\Release\summerProject2013.exe
       Manifest:
         C:\Program Files (x86)\Microsoft SDKs\Windows\v7.0A\bin\mt.exe /nologo /verbose /outputresource:"C:\Users\Bob\Desktop\fuckin\summerProject2013\Release\summerProject2013.exe;#1" /manifest Release\summerProject2013.exe.intermediate.manifest
       FinalizeBuildStatus:
         Deleting file "Release\summerProject2013.unsuccessfulbuild".
         Touching "Release\summerProject2013.lastbuildstate".
     1>Done Building Project "C:\Users\Bob\Desktop\fuckin\summerProject2013\summerProject2013\summerProject2013.vcxproj" (build target(s)).

Build succeeded.

Time Elapsed 00:00:01.91
